[0.008s] Invoking command in '/home/subhashini/sri_ws/src/my_bot/build/my_bot': CMAKE_PREFIX_PATH=${CMAKE_PREFIX_PATH}:/opt/ros/humble /usr/bin/cmake --build /home/subhashini/sri_ws/src/my_bot/build/my_bot -- -j16 -l16
[0.047s] Invoked command in '/home/subhashini/sri_ws/src/my_bot/build/my_bot' returned '0': CMAKE_PREFIX_PATH=${CMAKE_PREFIX_PATH}:/opt/ros/humble /usr/bin/cmake --build /home/subhashini/sri_ws/src/my_bot/build/my_bot -- -j16 -l16
[0.058s] Invoking command in '/home/subhashini/sri_ws/src/my_bot/build/my_bot': CMAKE_PREFIX_PATH=${CMAKE_PREFIX_PATH}:/opt/ros/humble /usr/bin/cmake --install /home/subhashini/sri_ws/src/my_bot/build/my_bot
[0.066s] -- Install configuration: ""
[0.066s] -- Up-to-date: /home/subhashini/sri_ws/src/my_bot/install/my_bot/share/my_bot/config
[0.066s] -- Up-to-date: /home/subhashini/sri_ws/src/my_bot/install/my_bot/share/my_bot/config/empty.yaml
[0.066s] -- Up-to-date: /home/subhashini/sri_ws/src/my_bot/install/my_bot/share/my_bot/config/mapper_params_online_async.yaml
[0.066s] -- Up-to-date: /home/subhashini/sri_ws/src/my_bot/install/my_bot/share/my_bot/description
[0.067s] -- Up-to-date: /home/subhashini/sri_ws/src/my_bot/install/my_bot/share/my_bot/description/lidar.xacro
[0.067s] -- Up-to-date: /home/subhashini/sri_ws/src/my_bot/install/my_bot/share/my_bot/description/gazebo_control.xacro
[0.067s] -- Up-to-date: /home/subhashini/sri_ws/src/my_bot/install/my_bot/share/my_bot/description/robot.urdf.xacro
[0.067s] -- Up-to-date: /home/subhashini/sri_ws/src/my_bot/install/my_bot/share/my_bot/description/robot_core.xacro
[0.067s] -- Up-to-date: /home/subhashini/sri_ws/src/my_bot/install/my_bot/share/my_bot/description/inertial_macros.xacro
[0.067s] -- Up-to-date: /home/subhashini/sri_ws/src/my_bot/install/my_bot/share/my_bot/launch
[0.067s] -- Up-to-date: /home/subhashini/sri_ws/src/my_bot/install/my_bot/share/my_bot/launch/launch_sim.launch.py
[0.067s] -- Up-to-date: /home/subhashini/sri_ws/src/my_bot/install/my_bot/share/my_bot/launch/rsp.launch.py
[0.067s] -- Up-to-date: /home/subhashini/sri_ws/src/my_bot/install/my_bot/share/my_bot/launch/gazebo.launch.py
[0.068s] -- Up-to-date: /home/subhashini/sri_ws/src/my_bot/install/my_bot/share/my_bot/launch/online_async_launch.py
[0.068s] -- Up-to-date: /home/subhashini/sri_ws/src/my_bot/install/my_bot/share/my_bot/worlds
[0.068s] -- Up-to-date: /home/subhashini/sri_ws/src/my_bot/install/my_bot/share/my_bot/worlds/my.world
[0.068s] -- Up-to-date: /home/subhashini/sri_ws/src/my_bot/install/my_bot/share/my_bot/worlds/my01.world
[0.068s] -- Up-to-date: /home/subhashini/sri_ws/src/my_bot/install/my_bot/share/my_bot/worlds/empty.world
[0.068s] -- Up-to-date: /home/subhashini/sri_ws/src/my_bot/install/my_bot/share/ament_index/resource_index/package_run_dependencies/my_bot
[0.068s] -- Up-to-date: /home/subhashini/sri_ws/src/my_bot/install/my_bot/share/ament_index/resource_index/parent_prefix_path/my_bot
[0.068s] -- Up-to-date: /home/subhashini/sri_ws/src/my_bot/install/my_bot/share/my_bot/environment/ament_prefix_path.sh
[0.068s] -- Up-to-date: /home/subhashini/sri_ws/src/my_bot/install/my_bot/share/my_bot/environment/ament_prefix_path.dsv
[0.068s] -- Up-to-date: /home/subhashini/sri_ws/src/my_bot/install/my_bot/share/my_bot/environment/path.sh
[0.068s] -- Up-to-date: /home/subhashini/sri_ws/src/my_bot/install/my_bot/share/my_bot/environment/path.dsv
[0.068s] -- Up-to-date: /home/subhashini/sri_ws/src/my_bot/install/my_bot/share/my_bot/local_setup.bash
[0.068s] -- Up-to-date: /home/subhashini/sri_ws/src/my_bot/install/my_bot/share/my_bot/local_setup.sh
[0.069s] -- Up-to-date: /home/subhashini/sri_ws/src/my_bot/install/my_bot/share/my_bot/local_setup.zsh
[0.069s] -- Up-to-date: /home/subhashini/sri_ws/src/my_bot/install/my_bot/share/my_bot/local_setup.dsv
[0.069s] -- Installing: /home/subhashini/sri_ws/src/my_bot/install/my_bot/share/my_bot/package.dsv
[0.069s] -- Up-to-date: /home/subhashini/sri_ws/src/my_bot/install/my_bot/share/ament_index/resource_index/packages/my_bot
[0.069s] -- Up-to-date: /home/subhashini/sri_ws/src/my_bot/install/my_bot/share/my_bot/cmake/my_botConfig.cmake
[0.069s] -- Up-to-date: /home/subhashini/sri_ws/src/my_bot/install/my_bot/share/my_bot/cmake/my_botConfig-version.cmake
[0.069s] -- Up-to-date: /home/subhashini/sri_ws/src/my_bot/install/my_bot/share/my_bot/package.xml
[0.070s] Invoked command in '/home/subhashini/sri_ws/src/my_bot/build/my_bot' returned '0': CMAKE_PREFIX_PATH=${CMAKE_PREFIX_PATH}:/opt/ros/humble /usr/bin/cmake --install /home/subhashini/sri_ws/src/my_bot/build/my_bot
