[0.007s] Invoking command in '/home/subhashini/sri_ws/src/my_bot/build/my_bot': CMAKE_PREFIX_PATH=/opt/ros/humble /usr/bin/cmake /home/subhashini/sri_ws/src/my_bot -DCMAKE_INSTALL_PREFIX=/home/subhashini/sri_ws/src/my_bot/install/my_bot
[0.119s] -- The C compiler identification is GNU 11.4.0
[0.225s] -- The CXX compiler identification is GNU 11.4.0
[0.232s] -- Detecting C compiler ABI info
[0.321s] -- Detecting C compiler ABI info - done
[0.331s] -- Check for working C compiler: /usr/bin/cc - skipped
[0.332s] -- Detecting C compile features
[0.333s] -- Detecting C compile features - done
[0.337s] -- Detecting CXX compiler ABI info
[0.423s] -- Detecting CXX compiler ABI info - done
[0.429s] -- Check for working CXX compiler: /usr/bin/c++ - skipped
[0.430s] -- Detecting CXX compile features
[0.430s] -- Detecting CXX compile features - done
[0.436s] -- Found ament_cmake: 1.3.11 (/opt/ros/humble/share/ament_cmake/cmake)
[0.565s] -- Found Python3: /usr/bin/python3 (found version "3.10.12") found components: Interpreter 
[0.632s] -- Found ament_lint_auto: 0.12.12 (/opt/ros/humble/share/ament_lint_auto/cmake)
[0.693s] -- Added test 'copyright' to check source files copyright and LICENSE
[0.698s] -- Added test 'cppcheck' to perform static code analysis on C / C++ code
[0.698s] -- Configured cppcheck include dirs: 
[0.698s] -- Configured cppcheck exclude dirs and/or files: 
[0.702s] -- Added test 'cpplint' to check C / C++ code against the Google style
[0.702s] -- Configured cpplint exclude dirs and/or files: 
[0.702s] -- Added test 'flake8' to check Python code syntax and style conventions
[0.703s] -- Added test 'lint_cmake' to check CMake code style
[0.704s] -- Added test 'pep257' to check Python code against some of the docstring style conventions in PEP 257
[0.707s] -- Added test 'uncrustify' to check C / C++ code style
[0.707s] -- Configured uncrustify additional arguments: 
[0.708s] -- Added test 'xmllint' to check XML markup files
[0.709s] -- Configuring done
[0.710s] -- Generating done
[0.711s] -- Build files have been written to: /home/subhashini/sri_ws/src/my_bot/build/my_bot
[0.714s] Invoked command in '/home/subhashini/sri_ws/src/my_bot/build/my_bot' returned '0': CMAKE_PREFIX_PATH=/opt/ros/humble /usr/bin/cmake /home/subhashini/sri_ws/src/my_bot -DCMAKE_INSTALL_PREFIX=/home/subhashini/sri_ws/src/my_bot/install/my_bot
[0.715s] Invoking command in '/home/subhashini/sri_ws/src/my_bot/build/my_bot': CMAKE_PREFIX_PATH=/opt/ros/humble /usr/bin/cmake --build /home/subhashini/sri_ws/src/my_bot/build/my_bot -- -j16 -l16
[0.749s] Invoked command in '/home/subhashini/sri_ws/src/my_bot/build/my_bot' returned '0': CMAKE_PREFIX_PATH=/opt/ros/humble /usr/bin/cmake --build /home/subhashini/sri_ws/src/my_bot/build/my_bot -- -j16 -l16
[0.760s] Invoking command in '/home/subhashini/sri_ws/src/my_bot/build/my_bot': CMAKE_PREFIX_PATH=/opt/ros/humble /usr/bin/cmake --install /home/subhashini/sri_ws/src/my_bot/build/my_bot
[0.770s] -- Install configuration: ""
[0.770s] -- Installing: /home/subhashini/sri_ws/src/my_bot/install/my_bot/share/my_bot/config
[0.770s] -- Installing: /home/subhashini/sri_ws/src/my_bot/install/my_bot/share/my_bot/config/empty.yaml
[0.770s] -- Installing: /home/subhashini/sri_ws/src/my_bot/install/my_bot/share/my_bot/description
[0.770s] -- Installing: /home/subhashini/sri_ws/src/my_bot/install/my_bot/share/my_bot/description/gazebo_control.xacr
[0.770s] -- Installing: /home/subhashini/sri_ws/src/my_bot/install/my_bot/share/my_bot/description/lidar.xacro
[0.770s] -- Installing: /home/subhashini/sri_ws/src/my_bot/install/my_bot/share/my_bot/description/robot.urdf.xacro
[0.771s] -- Installing: /home/subhashini/sri_ws/src/my_bot/install/my_bot/share/my_bot/description/robot_core.xacro
[0.771s] -- Installing: /home/subhashini/sri_ws/src/my_bot/install/my_bot/share/my_bot/description/inertial_macros.xacro
[0.771s] -- Installing: /home/subhashini/sri_ws/src/my_bot/install/my_bot/share/my_bot/launch
[0.771s] -- Installing: /home/subhashini/sri_ws/src/my_bot/install/my_bot/share/my_bot/launch/launch_sim.launch.py
[0.771s] -- Installing: /home/subhashini/sri_ws/src/my_bot/install/my_bot/share/my_bot/launch/rsp.launch.py
[0.771s] -- Installing: /home/subhashini/sri_ws/src/my_bot/install/my_bot/share/my_bot/worlds
[0.771s] -- Installing: /home/subhashini/sri_ws/src/my_bot/install/my_bot/share/my_bot/worlds/empty.world
[0.771s] -- Installing: /home/subhashini/sri_ws/src/my_bot/install/my_bot/share/ament_index/resource_index/package_run_dependencies/my_bot
[0.771s] -- Installing: /home/subhashini/sri_ws/src/my_bot/install/my_bot/share/ament_index/resource_index/parent_prefix_path/my_bot
[0.772s] -- Installing: /home/subhashini/sri_ws/src/my_bot/install/my_bot/share/my_bot/environment/ament_prefix_path.sh
[0.772s] -- Installing: /home/subhashini/sri_ws/src/my_bot/install/my_bot/share/my_bot/environment/ament_prefix_path.dsv
[0.772s] -- Installing: /home/subhashini/sri_ws/src/my_bot/install/my_bot/share/my_bot/environment/path.sh
[0.772s] -- Installing: /home/subhashini/sri_ws/src/my_bot/install/my_bot/share/my_bot/environment/path.dsv
[0.772s] -- Installing: /home/subhashini/sri_ws/src/my_bot/install/my_bot/share/my_bot/local_setup.bash
[0.772s] -- Installing: /home/subhashini/sri_ws/src/my_bot/install/my_bot/share/my_bot/local_setup.sh
[0.772s] -- Installing: /home/subhashini/sri_ws/src/my_bot/install/my_bot/share/my_bot/local_setup.zsh
[0.773s] -- Installing: /home/subhashini/sri_ws/src/my_bot/install/my_bot/share/my_bot/local_setup.dsv
[0.773s] -- Installing: /home/subhashini/sri_ws/src/my_bot/install/my_bot/share/my_bot/package.dsv
[0.773s] -- Installing: /home/subhashini/sri_ws/src/my_bot/install/my_bot/share/ament_index/resource_index/packages/my_bot
[0.773s] -- Installing: /home/subhashini/sri_ws/src/my_bot/install/my_bot/share/my_bot/cmake/my_botConfig.cmake
[0.773s] -- Installing: /home/subhashini/sri_ws/src/my_bot/install/my_bot/share/my_bot/cmake/my_botConfig-version.cmake
[0.773s] -- Installing: /home/subhashini/sri_ws/src/my_bot/install/my_bot/share/my_bot/package.xml
[0.775s] Invoked command in '/home/subhashini/sri_ws/src/my_bot/build/my_bot' returned '0': CMAKE_PREFIX_PATH=/opt/ros/humble /usr/bin/cmake --install /home/subhashini/sri_ws/src/my_bot/build/my_bot
