[0.008s] Invoking command in '/home/subhashini/sri_ws/src/build/my_bot': CMAKE_PREFIX_PATH=/opt/ros/humble /usr/bin/cmake --build /home/subhashini/sri_ws/src/build/my_bot -- -j16 -l16
[0.043s] Invoked command in '/home/subhashini/sri_ws/src/build/my_bot' returned '0': CMAKE_PREFIX_PATH=/opt/ros/humble /usr/bin/cmake --build /home/subhashini/sri_ws/src/build/my_bot -- -j16 -l16
[0.054s] Invoking command in '/home/subhashini/sri_ws/src/build/my_bot': CMAKE_PREFIX_PATH=/opt/ros/humble /usr/bin/cmake --install /home/subhashini/sri_ws/src/build/my_bot
[0.062s] -- Install configuration: ""
[0.062s] -- Up-to-date: /home/subhashini/sri_ws/src/install/my_bot/share/my_bot/config
[0.062s] -- Up-to-date: /home/subhashini/sri_ws/src/install/my_bot/share/my_bot/config/empty.yaml
[0.063s] -- Up-to-date: /home/subhashini/sri_ws/src/install/my_bot/share/my_bot/description
[0.063s] -- Up-to-date: /home/subhashini/sri_ws/src/install/my_bot/share/my_bot/description/gazebo_control.xacr
[0.063s] -- Up-to-date: /home/subhashini/sri_ws/src/install/my_bot/share/my_bot/description/lidar.xacro
[0.063s] -- Up-to-date: /home/subhashini/sri_ws/src/install/my_bot/share/my_bot/description/robot.urdf.xacro
[0.063s] -- Up-to-date: /home/subhashini/sri_ws/src/install/my_bot/share/my_bot/description/robot_core.xacro
[0.063s] -- Up-to-date: /home/subhashini/sri_ws/src/install/my_bot/share/my_bot/description/inertial_macros.xacro
[0.063s] -- Up-to-date: /home/subhashini/sri_ws/src/install/my_bot/share/my_bot/launch
[0.063s] -- Up-to-date: /home/subhashini/sri_ws/src/install/my_bot/share/my_bot/launch/launch_sim.launch.py
[0.063s] -- Up-to-date: /home/subhashini/sri_ws/src/install/my_bot/share/my_bot/launch/rsp.launch.py
[0.063s] -- Up-to-date: /home/subhashini/sri_ws/src/install/my_bot/share/my_bot/worlds
[0.063s] -- Up-to-date: /home/subhashini/sri_ws/src/install/my_bot/share/my_bot/worlds/empty.world
[0.063s] -- Up-to-date: /home/subhashini/sri_ws/src/install/my_bot/share/ament_index/resource_index/package_run_dependencies/my_bot
[0.063s] -- Up-to-date: /home/subhashini/sri_ws/src/install/my_bot/share/ament_index/resource_index/parent_prefix_path/my_bot
[0.063s] -- Up-to-date: /home/subhashini/sri_ws/src/install/my_bot/share/my_bot/environment/ament_prefix_path.sh
[0.064s] -- Up-to-date: /home/subhashini/sri_ws/src/install/my_bot/share/my_bot/environment/ament_prefix_path.dsv
[0.064s] -- Up-to-date: /home/subhashini/sri_ws/src/install/my_bot/share/my_bot/environment/path.sh
[0.064s] -- Up-to-date: /home/subhashini/sri_ws/src/install/my_bot/share/my_bot/environment/path.dsv
[0.064s] -- Up-to-date: /home/subhashini/sri_ws/src/install/my_bot/share/my_bot/local_setup.bash
[0.064s] -- Up-to-date: /home/subhashini/sri_ws/src/install/my_bot/share/my_bot/local_setup.sh
[0.064s] -- Up-to-date: /home/subhashini/sri_ws/src/install/my_bot/share/my_bot/local_setup.zsh
[0.064s] -- Up-to-date: /home/subhashini/sri_ws/src/install/my_bot/share/my_bot/local_setup.dsv
[0.064s] -- Up-to-date: /home/subhashini/sri_ws/src/install/my_bot/share/my_bot/package.dsv
[0.064s] -- Up-to-date: /home/subhashini/sri_ws/src/install/my_bot/share/ament_index/resource_index/packages/my_bot
[0.064s] -- Up-to-date: /home/subhashini/sri_ws/src/install/my_bot/share/my_bot/cmake/my_botConfig.cmake
[0.064s] -- Up-to-date: /home/subhashini/sri_ws/src/install/my_bot/share/my_bot/cmake/my_botConfig-version.cmake
[0.064s] -- Up-to-date: /home/subhashini/sri_ws/src/install/my_bot/share/my_bot/package.xml
[0.065s] Invoked command in '/home/subhashini/sri_ws/src/build/my_bot' returned '0': CMAKE_PREFIX_PATH=/opt/ros/humble /usr/bin/cmake --install /home/subhashini/sri_ws/src/build/my_bot
